Resuming from checkpoint: 1 series done
Fetching catalog sidebar...
Found 26 categories, 117 series
[1/117] SKIP Liberty Cap (checkpointed)
[2/117] Draped Bust — https://www.usacoinbook.com/coins/half-cents/draped-bust/
  Specs: designer=Robert Scot, links=23
  Coins: 10/23
  Coins: 20/23
  Done: 23 coins
[3/117] Classic Head — https://www.usacoinbook.com/coins/half-cents/classic-head/
  Specs: designer=John Reich, links=24
  Coins: 10/24
  Coins: 20/24
  Done: 24 coins
[4/117] Braided Hair — https://www.usacoinbook.com/coins/half-cents/braided-hair/
  Specs: designer=Christian Gobrecht, links=40
  Coins: 10/40
  Coins: 20/40
  Coins: 30/40
  Coins: 40/40
  Done: 40 coins
[5/117] Flowing Hair — https://www.usacoinbook.com/coins/large-cents/flowing-hair/
  Specs: designer=Henry Voigt, links=8
  Done: 8 coins
[6/117] Liberty Cap — https://www.usacoinbook.com/coins/large-cents/liberty-cap/
  Specs: designer=Joseph Wright, links=14
  Coins: 10/14
  Done: 14 coins
[7/117] Draped Bust — https://www.usacoinbook.com/coins/large-cents/draped-bust/
  Specs: designer=Robert Scot, links=48
  Coins: 10/48
  Coins: 20/48
  Coins: 30/48
  Coins: 40/48
  Done: 48 coins
[8/117] Classic Head — https://www.usacoinbook.com/coins/large-cents/classic-head/
  Specs: designer=John Reich, links=15
  Coins: 10/15
  Done: 15 coins
[9/117] Coronet Liberty Head — https://www.usacoinbook.com/coins/large-cents/coronet-liberty-head/
  Specs: designer=Robert Scot, links=62
  Coins: 10/62
  Coins: 20/62
  Coins: 30/62
  Coins: 40/62
  Coins: 50/62
  Coins: 60/62
  Done: 62 coins
[10/117] Braided Hair Liberty Head — https://www.usacoinbook.com/coins/large-cents/braided-hair-liberty-head/
  Specs: designer=Christian Gobrecht, links=40
  Coins: 10/40
  Coins: 20/40
  Coins: 30/40
  Coins: 40/40
  Done: 40 coins
[11/117] Flying Eagle Cent — https://www.usacoinbook.com/coins/small-cents/flying-eagle-cent/
  Specs: designer=James B Longacre, links=6
  Done: 6 coins
[12/117] Indian Head Cent — https://www.usacoinbook.com/coins/small-cents/indian-head-cent/
  Specs: designer=James B Longacre, links=68
  Coins: 10/68
  Coins: 20/68
  Coins: 30/68
  Coins: 40/68
  Coins: 50/68
  Coins: 60/68
  Done: 68 coins
[13/117] Lincoln Wheat Cent — https://www.usacoinbook.com/coins/small-cents/lincoln-wheat-cent/
  Specs: designer=Victor D Brenner, links=157
  Coins: 10/157
  Coins: 20/157
  Coins: 30/157
  Coins: 40/157
  Coins: 50/157
  Coins: 60/157
  Coins: 70/157
  Coins: 80/157
  Coins: 90/157
  Coins: 100/157
  Coins: 110/157
  Coins: 120/157
  Coins: 130/157
  Coins: 140/157
  Coins: 150/157
  Done: 157 coins
[14/117] Lincoln Memorial Cent — https://www.usacoinbook.com/coins/small-cents/lincoln-memorial-cent/
  Specs: designer=Frank Gasparro, links=185
  Coins: 10/185
  Coins: 20/185
  Coins: 30/185
  Coins: 40/185
  Coins: 50/185
  Coins: 60/185
  Coins: 70/185
  Coins: 80/185
  Coins: 90/185
  Coins: 100/185
  Coins: 110/185
  Coins: 120/185
  Coins: 130/185
  Coins: 140/185
  Coins: 150/185
  Coins: 160/185
  Coins: 170/185
  Coins: 180/185
  Done: 185 coins
[15/117] Lincoln Shield Cent — https://www.usacoinbook.com/coins/small-cents/lincoln-shield-cent/
  Specs: designer=Frank Gasparro, links=56
  Coins: 10/56
  Coins: 20/56
  Coins: 30/56
  Coins: 40/56
  Coins: 50/56
  Done: 56 coins
[16/117] Silver Three Cent — https://www.usacoinbook.com/coins/three-cents/silver-three-cent/
  Specs: designer=James B Longacre, links=25
  Coins: 10/25
  Coins: 20/25
  Done: 25 coins
[17/117] Nickel Three Cent — https://www.usacoinbook.com/coins/three-cents/nickel-three-cent/
  Specs: designer=James B Longacre, links=27
  Coins: 10/27
  Coins: 20/27
  Done: 27 coins
[18/117] Flowing Hair — https://www.usacoinbook.com/coins/half-dimes/flowing-hair/
  Specs: designer=Robert Scot, links=2
  Done: 2 coins
[19/117] Draped Bust — https://www.usacoinbook.com/coins/half-dimes/draped-bust/
  Specs: designer=Robert Scot, links=13
  Coins: 10/13
  Done: 13 coins
[20/117] Capped Bust — https://www.usacoinbook.com/coins/half-dimes/capped-bust/
  Specs: designer=William Kneass, links=17
  Coins: 10/17
  Done: 17 coins
[21/117] Seated Liberty — https://www.usacoinbook.com/coins/half-dimes/seated-liberty/
  Specs: designer=Christian Gobrecht, links=84
  Coins: 10/84
  Coins: 20/84
  Coins: 30/84
  Coins: 40/84
  Coins: 50/84
  Coins: 60/84
  Coins: 70/84
  Coins: 80/84
  Done: 84 coins
[22/117] Shield — https://www.usacoinbook.com/coins/nickels/shield/
  Specs: designer=James B Longacre, links=23
  Coins: 10/23
  Coins: 20/23
  Done: 23 coins
[23/117] Liberty — https://www.usacoinbook.com/coins/nickels/liberty/
  Specs: designer=Charles E Barber, links=34
  Coins: 10/34
  Coins: 20/34
  Coins: 30/34
  Done: 34 coins
[24/117] Buffalo — https://www.usacoinbook.com/coins/nickels/buffalo/
  Specs: designer=James Earle Fraser, links=71
  Coins: 10/71
  Coins: 20/71
  Coins: 30/71
  Coins: 40/71
  Coins: 50/71
  Coins: 60/71
  Coins: 70/71
  Done: 71 coins
[25/117] Jefferson — https://www.usacoinbook.com/coins/nickels/jefferson/
  Specs: designer=Felix Schlag, links=273
  Coins: 10/273
  Coins: 20/273
  Coins: 30/273
  Coins: 40/273
  Coins: 50/273
  Coins: 60/273
  Coins: 70/273
  Coins: 80/273
  Coins: 90/273
  Coins: 100/273
  Coins: 110/273
  Coins: 120/273
  Coins: 130/273
  Coins: 140/273
  Coins: 150/273
  Coins: 160/273
  Coins: 170/273
  Coins: 180/273
  Coins: 190/273
  Coins: 200/273
  Coins: 210/273
  Coins: 220/273
  Coins: 230/273
  Coins: 240/273
  Coins: 250/273
  Coins: 260/273
  Coins: 270/273
  Done: 273 coins
[26/117] Draped Bust — https://www.usacoinbook.com/coins/dimes/draped-bust/
  Specs: designer=Robert Scot, links=20
  Coins: 10/20
  Coins: 20/20
  Done: 20 coins
[27/117] Capped Bust — https://www.usacoinbook.com/coins/dimes/capped-bust/
  Specs: designer=John Reich, links=47
  Coins: 10/47
  Coins: 20/47
  Coins: 30/47
  Coins: 40/47
  Done: 47 coins
[28/117] Seated Liberty — https://www.usacoinbook.com/coins/dimes/seated-liberty/
  Specs: designer=Christian Gobrecht, links=134
  Coins: 10/134
  Coins: 20/134
  Coins: 30/134
  Coins: 40/134
  Coins: 50/134
  Coins: 60/134
  Coins: 70/134
  Coins: 80/134
  Coins: 90/134
  Coins: 100/134
  Coins: 110/134
  Coins: 120/134
  Coins: 130/134
  Done: 134 coins
[29/117] Barber — https://www.usacoinbook.com/coins/dimes/barber/
  Specs: designer=Charles E Barber, links=77
  Coins: 10/77
  Coins: 20/77
  Coins: 30/77
  Coins: 40/77
  Coins: 50/77
  Coins: 60/77
  Coins: 70/77
  Done: 77 coins
[30/117] Mercury — https://www.usacoinbook.com/coins/dimes/mercury/
  Specs: designer=Adolph A Weinman, links=80
  Coins: 10/80
  Coins: 20/80
  Coins: 30/80
  Coins: 40/80
  Coins: 50/80
  Retry 1 for https://www.usacoinbook.com/coins/1520/dimes/mercury/1936-S/: fetch failed
  Retry 2 for https://www.usacoinbook.com/coins/1520/dimes/mercury/1936-S/: fetch failed
  Failed coin https://www.usacoinbook.com/coins/1520/dimes/mercury/1936-S/: fetch failed
  Retry 1 for https://www.usacoinbook.com/coins/1521/dimes/mercury/1937-P/: fetch failed
  Retry 2 for https://www.usacoinbook.com/coins/1521/dimes/mercury/1937-P/: fetch failed
  Failed coin https://www.usacoinbook.com/coins/1521/dimes/mercury/1937-P/: fetch failed
  Retry 1 for https://www.usacoinbook.com/coins/1522/dimes/mercury/1937-D/: fetch failed
  Retry 2 for https://www.usacoinbook.com/coins/1522/dimes/mercury/1937-D/: fetch failed
  Failed coin https://www.usacoinbook.com/coins/1522/dimes/mercury/1937-D/: fetch failed
  Retry 1 for https://www.usacoinbook.com/coins/1523/dimes/mercury/1937-S/: fetch failed
  Retry 2 for https://www.usacoinbook.com/coins/1523/dimes/mercury/1937-S/: fetch failed
  Failed coin https://www.usacoinbook.com/coins/1523/dimes/mercury/1937-S/: fetch failed
  Retry 1 for https://www.usacoinbook.com/coins/1524/dimes/mercury/1938-P/: fetch failed
  Retry 2 for https://www.usacoinbook.com/coins/1524/dimes/mercury/1938-P/: fetch failed
  Failed coin https://www.usacoinbook.com/coins/1524/dimes/mercury/1938-P/: fetch failed
  Retry 1 for https://www.usacoinbook.com/coins/1525/dimes/mercury/1938-D/: fetch failed
  Coins: 60/80
  Coins: 70/80
  Coins: 80/80
  Done: 75 coins
[31/117] Roosevelt — https://www.usacoinbook.com/coins/dimes/roosevelt/
  Specs: designer=John R Sinnock, links=274
  Coins: 10/274
  Coins: 20/274
  Coins: 30/274
  Coins: 40/274
  Coins: 50/274
  Coins: 60/274
  Coins: 70/274
  Coins: 80/274
  Retry 1 for https://www.usacoinbook.com/coins/1637/dimes/roosevelt/1978-S/: fetch failed
  Retry 2 for https://www.usacoinbook.com/coins/1637/dimes/roosevelt/1978-S/: fetch failed
  Failed coin https://www.usacoinbook.com/coins/1637/dimes/roosevelt/1978-S/: fetch failed
  Retry 1 for https://www.usacoinbook.com/coins/1638/dimes/roosevelt/1979-P/: fetch failed
  Retry 2 for https://www.usacoinbook.com/coins/1638/dimes/roosevelt/1979-P/: fetch failed
  Failed coin https://www.usacoinbook.com/coins/1638/dimes/roosevelt/1979-P/: fetch failed
  Retry 1 for https://www.usacoinbook.com/coins/1639/dimes/roosevelt/1979-D/: fetch failed
  Retry 2 for https://www.usacoinbook.com/coins/1639/dimes/roosevelt/1979-D/: fetch failed
  Failed coin https://www.usacoinbook.com/coins/1639/dimes/roosevelt/1979-D/: fetch failed
  Coins: 90/274
  Retry 1 for https://www.usacoinbook.com/coins/1640/dimes/roosevelt/1979-S/type-1-filled-s/: fetch failed
  Retry 2 for https://www.usacoinbook.com/coins/1640/dimes/roosevelt/1979-S/type-1-filled-s/: fetch failed
  Failed coin https://www.usacoinbook.com/coins/1640/dimes/roosevelt/1979-S/type-1-filled-s/: fetch failed
  Retry 1 for https://www.usacoinbook.com/coins/1641/dimes/roosevelt/1979-S/type-2-clear-s/: fetch failed
  Retry 2 for https://www.usacoinbook.com/coins/1641/dimes/roosevelt/1979-S/type-2-clear-s/: fetch failed
  Failed coin https://www.usacoinbook.com/coins/1641/dimes/roosevelt/1979-S/type-2-clear-s/: fetch failed
  Retry 1 for https://www.usacoinbook.com/coins/1642/dimes/roosevelt/1980-P/: fetch failed
  Retry 2 for https://www.usacoinbook.com/coins/1642/dimes/roosevelt/1980-P/: fetch failed
  Failed coin https://www.usacoinbook.com/coins/1642/dimes/roosevelt/1980-P/: fetch failed
  Retry 1 for https://www.usacoinbook.com/coins/1643/dimes/roosevelt/1980-D/: fetch failed
  Retry 2 for https://www.usacoinbook.com/coins/1643/dimes/roosevelt/1980-D/: fetch failed
  Failed coin https://www.usacoinbook.com/coins/1643/dimes/roosevelt/1980-D/: fetch failed
  Retry 1 for https://www.usacoinbook.com/coins/1644/dimes/roosevelt/1980-S/: fetch failed
  Retry 2 for https://www.usacoinbook.com/coins/1644/dimes/roosevelt/1980-S/: fetch failed
  Failed coin https://www.usacoinbook.com/coins/1644/dimes/roosevelt/1980-S/: fetch failed
  Retry 1 for https://www.usacoinbook.com/coins/1645/dimes/roosevelt/1981-P/: fetch failed
  Retry 2 for https://www.usacoinbook.com/coins/1645/dimes/roosevelt/1981-P/: fetch failed
  Failed coin https://www.usacoinbook.com/coins/1645/dimes/roosevelt/1981-P/: fetch failed
  Retry 1 for https://www.usacoinbook.com/coins/1646/dimes/roosevelt/1981-D/: fetch failed
  Retry 2 for https://www.usacoinbook.com/coins/1646/dimes/roosevelt/1981-D/: fetch failed
  Failed coin https://www.usacoinbook.com/coins/1646/dimes/roosevelt/1981-D/: fetch failed
  Retry 1 for https://www.usacoinbook.com/coins/1647/dimes/roosevelt/1981-S/type-1-filled-s/: fetch failed
  Retry 2 for https://www.usacoinbook.com/coins/1647/dimes/roosevelt/1981-S/type-1-filled-s/: fetch failed
  Failed coin https://www.usacoinbook.com/coins/1647/dimes/roosevelt/1981-S/type-1-filled-s/: fetch failed
  Retry 1 for https://www.usacoinbook.com/coins/1648/dimes/roosevelt/1981-S/type-2-clear-s/: fetch failed
  Retry 2 for https://www.usacoinbook.com/coins/1648/dimes/roosevelt/1981-S/type-2-clear-s/: fetch failed
  Failed coin https://www.usacoinbook.com/coins/1648/dimes/roosevelt/1981-S/type-2-clear-s/: fetch failed
  Retry 1 for https://www.usacoinbook.com/coins/1649/dimes/roosevelt/1982-P/: fetch failed
  Retry 2 for https://www.usacoinbook.com/coins/1649/dimes/roosevelt/1982-P/: fetch failed
  Failed coin https://www.usacoinbook.com/coins/1649/dimes/roosevelt/1982-P/: fetch failed
  Coins: 100/274
  Retry 1 for https://www.usacoinbook.com/coins/1650/dimes/roosevelt/1982-P/no-mint-mark/: fetch failed
  Retry 2 for https://www.usacoinbook.com/coins/1650/dimes/roosevelt/1982-P/no-mint-mark/: fetch failed
  Failed coin https://www.usacoinbook.com/coins/1650/dimes/roosevelt/1982-P/no-mint-mark/: fetch failed
  Retry 1 for https://www.usacoinbook.com/coins/1651/dimes/roosevelt/1982-D/: fetch failed
  Retry 2 for https://www.usacoinbook.com/coins/1651/dimes/roosevelt/1982-D/: fetch failed
  Failed coin https://www.usacoinbook.com/coins/1651/dimes/roosevelt/1982-D/: fetch failed
  Retry 1 for https://www.usacoinbook.com/coins/1652/dimes/roosevelt/1982-S/: fetch failed
  Retry 2 for https://www.usacoinbook.com/coins/1652/dimes/roosevelt/1982-S/: fetch failed
  Failed coin https://www.usacoinbook.com/coins/1652/dimes/roosevelt/1982-S/: fetch failed
  Retry 1 for https://www.usacoinbook.com/coins/1653/dimes/roosevelt/1983-P/: fetch failed
  Retry 2 for https://www.usacoinbook.com/coins/1653/dimes/roosevelt/1983-P/: fetch failed
  Failed coin https://www.usacoinbook.com/coins/1653/dimes/roosevelt/1983-P/: fetch failed
  Retry 1 for https://www.usacoinbook.com/coins/1654/dimes/roosevelt/1983-D/: fetch failed
  Retry 2 for https://www.usacoinbook.com/coins/1654/dimes/roosevelt/1983-D/: fetch failed
  Failed coin https://www.usacoinbook.com/coins/1654/dimes/roosevelt/1983-D/: fetch failed
  Retry 1 for https://www.usacoinbook.com/coins/1655/dimes/roosevelt/1983-S/: fetch failed
  Coins: 110/274
  Coins: 120/274
  Coins: 130/274
  Coins: 140/274
  Coins: 150/274
  Coins: 160/274
  Coins: 170/274
  Coins: 180/274
  Coins: 190/274
  Coins: 200/274
  Coins: 210/274
  Coins: 220/274
  Coins: 230/274
  Coins: 240/274
  Coins: 250/274
  Coins: 260/274
  Coins: 270/274
  Done: 256 coins
[32/117] Draped Bust — https://www.usacoinbook.com/coins/quarters/draped-bust/
  Specs: designer=Robert Scot, links=6
  Done: 6 coins
[33/117] Capped Bust — https://www.usacoinbook.com/coins/quarters/capped-bust/
  Specs: designer=John Reich, links=29
  Coins: 10/29
  Coins: 20/29
  Done: 29 coins
[34/117] Seated Liberty — https://www.usacoinbook.com/coins/quarters/seated-liberty/
  Specs: designer=Christian Gobrecht, links=118
  Coins: 10/118
  Coins: 20/118
  Coins: 30/118
  Coins: 40/118
  Coins: 50/118
  Coins: 60/118
  Coins: 70/118
  Coins: 80/118
  Coins: 90/118
  Coins: 100/118
  Coins: 110/118
  Done: 118 coins
[35/117] Barber — https://www.usacoinbook.com/coins/quarters/barber/
  Specs: designer=Charles E Barber, links=74
  Coins: 10/74
  Coins: 20/74
  Coins: 30/74
  Coins: 40/74
  Coins: 50/74
  Coins: 60/74
  Coins: 70/74
  Done: 74 coins
[36/117] Standing Liberty — https://www.usacoinbook.com/coins/quarters/standing-liberty/
  Specs: designer=Hermon A MacNeil, links=38
  Coins: 10/38
  Coins: 20/38
  Coins: 30/38
  Done: 38 coins
[37/117] Washington — https://www.usacoinbook.com/coins/quarters/washington/
  Specs: designer=John Flanagan, links=202
  Coins: 10/202
  Coins: 20/202
  Coins: 30/202
  Coins: 40/202
  Coins: 50/202
  Coins: 60/202
  Coins: 70/202
  Coins: 80/202
  Coins: 90/202
  Coins: 100/202
  Coins: 110/202
  Coins: 120/202
  Coins: 130/202
  Coins: 140/202
  Coins: 150/202
  Coins: 160/202
  Coins: 170/202
  Coins: 180/202
  Coins: 190/202
  Coins: 200/202
  Done: 202 coins
[38/117] 50 States and Territories — https://www.usacoinbook.com/coins/quarters/50-states-and-territories/
  Specs: designer=William Cousins, links=226
  Coins: 10/226
  Coins: 20/226
  Coins: 30/226
  Coins: 40/226
  Coins: 50/226
  Coins: 60/226
  Coins: 70/226
  Coins: 80/226
  Coins: 90/226
  Coins: 100/226
  Coins: 110/226
  Coins: 120/226
  Coins: 130/226
  Coins: 140/226
  Coins: 150/226
  Coins: 160/226
  Coins: 170/226
  Coins: 180/226
  Coins: 190/226
  Coins: 200/226
  Coins: 210/226
  Coins: 220/226
  Done: 226 coins
[39/117] America The Beautiful — https://www.usacoinbook.com/coins/quarters/america-the-beautiful/
  Specs: designer=William Cousins, links=290
  Coins: 10/290
  Coins: 20/290
  Coins: 30/290
  Coins: 40/290
  Coins: 50/290
  Coins: 60/290
  Coins: 70/290
  Coins: 80/290
  Coins: 90/290
  Coins: 100/290
  Coins: 110/290
  Coins: 120/290
  Coins: 130/290
  Coins: 140/290
  Coins: 150/290
  Coins: 160/290
  Coins: 170/290
  Coins: 180/290
  Coins: 190/290
  Coins: 200/290
  Coins: 210/290
  Coins: 220/290
  Coins: 230/290
  Coins: 240/290
  Coins: 250/290
  Coins: 260/290
  Coins: 270/290
  Coins: 280/290
  Coins: 290/290
  Done: 290 coins
[40/117] American Women — https://www.usacoinbook.com/coins/quarters/american-women/
  Specs: designer=Laura Gardin Fraser, links=100
  Coins: 10/100
  Coins: 20/100
  Coins: 30/100
  Coins: 40/100
  Coins: 50/100
  Coins: 60/100
  Coins: 70/100
  Coins: 80/100
  Coins: 90/100
  Coins: 100/100
  Done: 100 coins
[41/117] Semiquincentennial — https://www.usacoinbook.com/coins/quarters/semiquincentennial/
  Specs: designer=Joseph F Menna, links=20
  Coins: 10/20
  Coins: 20/20
  Done: 20 coins
[42/117] Flowing Hair — https://www.usacoinbook.com/coins/half-dollars/flowing-hair/
  Specs: designer=Robert Scot, links=5
  Done: 5 coins
[43/117] Draped Bust — https://www.usacoinbook.com/coins/half-dollars/draped-bust/
  Specs: designer=Robert Scot, links=21
  Coins: 10/21
  Coins: 20/21
  Done: 21 coins
[44/117] Capped Bust — https://www.usacoinbook.com/coins/half-dollars/capped-bust/
  Specs: designer=Christian Gobrecht, links=108
  Coins: 10/108
  Coins: 20/108
  Coins: 30/108
  Coins: 40/108
  Coins: 50/108
  Coins: 60/108
  Coins: 70/108
  Coins: 80/108
  Coins: 90/108
  Coins: 100/108
  Done: 108 coins
[45/117] Seated Liberty — https://www.usacoinbook.com/coins/half-dollars/seated-liberty/
  Specs: designer=Christian Gobrecht, links=130
  Coins: 10/130
  Coins: 20/130
  Coins: 30/130
  Coins: 40/130
  Coins: 50/130
  Coins: 60/130
  Coins: 70/130
  Coins: 80/130
  Coins: 90/130
  Coins: 100/130
  Coins: 110/130
  Coins: 120/130
  Coins: 130/130
  Done: 130 coins
[46/117] Barber — https://www.usacoinbook.com/coins/half-dollars/barber/
  Specs: designer=Charles E Barber, links=74
  Coins: 10/74
  Coins: 20/74
  Coins: 30/74
  Coins: 40/74
  Coins: 50/74
  Coins: 60/74
  Coins: 70/74
  Done: 74 coins
[47/117] Walking Liberty — https://www.usacoinbook.com/coins/half-dollars/walking-liberty/
  Specs: designer=Adolph A Weinman, links=66
  Coins: 10/66
  Coins: 20/66
  Coins: 30/66
  Coins: 40/66
  Coins: 50/66
  Coins: 60/66
  Done: 66 coins
[48/117] Franklin — https://www.usacoinbook.com/coins/half-dollars/franklin/
  Specs: designer=John R Sinnock, links=36
  Coins: 10/36
  Coins: 20/36
  Coins: 30/36
  Done: 36 coins
[49/117] Kennedy — https://www.usacoinbook.com/coins/half-dollars/kennedy/
  Specs: designer=Gilroy Roberts, links=228
  Coins: 10/228
  Coins: 20/228
  Coins: 30/228
  Coins: 40/228
  Coins: 50/228
  Coins: 60/228
  Coins: 70/228
  Coins: 80/228
  Coins: 90/228
  Coins: 100/228
  Coins: 110/228
  Coins: 120/228
  Coins: 130/228
  Coins: 140/228
  Coins: 150/228
  Coins: 160/228
  Coins: 170/228
  Coins: 180/228
  Coins: 190/228
  Coins: 200/228
  Coins: 210/228
  Coins: 220/228
  Done: 228 coins
[50/117] Flowing Hair — https://www.usacoinbook.com/coins/dollars/flowing-hair/
  Specs: designer=Robert Scot, links=6
  Done: 6 coins
[51/117] Draped Bust — https://www.usacoinbook.com/coins/dollars/draped-bust/
  Specs: designer=Robert Scot, links=55
  Coins: 10/55
  Coins: 20/55
  Coins: 30/55
  Coins: 40/55
  Coins: 50/55
  Done: 55 coins
[52/117] Gobrecht — https://www.usacoinbook.com/coins/dollars/gobrecht/
  Specs: designer=Christian Gobrecht, links=25
  Coins: 10/25
  Coins: 20/25
  Done: 25 coins
[53/117] Seated Liberty — https://www.usacoinbook.com/coins/dollars/seated-liberty/
  Specs: designer=Christian Gobrecht, links=49
  Coins: 10/49
  Coins: 20/49
  Coins: 30/49
  Coins: 40/49
  Done: 49 coins
[54/117] Trade — https://www.usacoinbook.com/coins/dollars/trade/
  Specs: designer=William Barber, links=38
  Coins: 10/38
  Coins: 20/38
  Coins: 30/38
  Done: 38 coins
[55/117] Morgan — https://www.usacoinbook.com/coins/dollars/morgan/
  Specs: designer=George T Morgan, links=137
  Coins: 10/137
  Coins: 20/137
  Coins: 30/137
  Coins: 40/137
  Coins: 50/137
  Coins: 60/137
  Coins: 70/137
  Coins: 80/137
  Coins: 90/137
  Coins: 100/137
  Coins: 110/137
  Coins: 120/137
  Coins: 130/137
  Done: 137 coins
[56/117] Peace — https://www.usacoinbook.com/coins/dollars/peace/
  Specs: designer=Anthony de Francisci, links=38
  Coins: 10/38
  Coins: 20/38
  Coins: 30/38
  Done: 38 coins
[57/117] Eisenhower — https://www.usacoinbook.com/coins/dollars/eisenhower/
  Specs: designer=Frank Gasparro, links=31
  Coins: 10/31
  Coins: 20/31
  Coins: 30/31
  Done: 31 coins
[58/117] Susan B Anthony — https://www.usacoinbook.com/coins/dollars/susan-b-anthony/
  Specs: designer=Frank Gasparro, links=18
  Coins: 10/18
  Done: 18 coins
[59/117] Native American & Sacagawea — https://www.usacoinbook.com/coins/dollars/native-american-sacagawea/
  Specs: designer=Glenna Goodacre, links=90
  Coins: 10/90
  Coins: 20/90
  Coins: 30/90
  Coins: 40/90
  Coins: 50/90
  Coins: 60/90
  Coins: 70/90
  Coins: 80/90
  Coins: 90/90
  Done: 90 coins
[60/117] Presidential — https://www.usacoinbook.com/coins/dollars/presidential/
  Specs: designer=Don Everhart, links=125
  Coins: 10/125
  Coins: 20/125
  Coins: 30/125
  Coins: 40/125
  Coins: 50/125
  Coins: 60/125
  Coins: 70/125
  Coins: 80/125
  Coins: 90/125
  Coins: 100/125
  Coins: 110/125
  Coins: 120/125
  Done: 125 coins
[61/117] American Innovation — https://www.usacoinbook.com/coins/dollars/american-innovation/
  Specs: designer=Justin Kunz, links=132
  Coins: 10/132
  Coins: 20/132
  Coins: 30/132
  Coins: 40/132
  Coins: 50/132
  Coins: 60/132
  Coins: 70/132
  Coins: 80/132
  Coins: 90/132
  Coins: 100/132
  Coins: 110/132
  Coins: 120/132
  Coins: 130/132
  Done: 132 coins
[62/117] Liberty Head — https://www.usacoinbook.com/coins/gold-dollars/liberty-head/
  Specs: designer=James B Longacre, links=26
  Coins: 10/26
  Coins: 20/26
  Done: 26 coins
[63/117] Small Indian Head — https://www.usacoinbook.com/coins/gold-dollars/small-indian-head/
  Specs: designer=James B Longacre, links=6
  Done: 6 coins
[64/117] Large Indian Head — https://www.usacoinbook.com/coins/gold-dollars/large-indian-head/
  Specs: designer=James B Longacre, links=51
  Coins: 10/51
  Coins: 20/51
  Coins: 30/51
  Coins: 40/51
  Coins: 50/51
  Done: 51 coins
[65/117] Turban Head — https://www.usacoinbook.com/coins/gold-2-50-quarter-eagle/turban-head/
  Specs: designer=Robert Scot, links=11
  Coins: 10/11
  Done: 11 coins
[66/117] Capped Bust — https://www.usacoinbook.com/coins/gold-2-50-quarter-eagle/capped-bust/
  Specs: designer=John Reich, links=12
  Coins: 10/12
  Done: 12 coins
[67/117] Classic Head — https://www.usacoinbook.com/coins/gold-2-50-quarter-eagle/classic-head/
  Specs: designer=William Kneass, links=12
  Coins: 10/12
  Done: 12 coins
[68/117] Coronet Head — https://www.usacoinbook.com/coins/gold-2-50-quarter-eagle/coronet-head/
  Specs: designer=Christian Gobrecht, links=147
  Coins: 10/147
  Coins: 20/147
  Coins: 30/147
  Coins: 40/147
  Coins: 50/147
  Coins: 60/147
  Coins: 70/147
  Coins: 80/147
  Coins: 90/147
  Coins: 100/147
  Coins: 110/147
  Coins: 120/147
  Coins: 130/147
  Coins: 140/147
  Done: 147 coins
[69/117] Indian Head — https://www.usacoinbook.com/coins/gold-2-50-quarter-eagle/indian-head/
  Specs: designer=Bela Lyon Pratt, links=15
  Coins: 10/15
  Done: 15 coins
[70/117] Indian Princess Head — https://www.usacoinbook.com/coins/gold-3/indian-princess-head/
  Specs: designer=James B Longacre, links=44
  Coins: 10/44
  Coins: 20/44
  Coins: 30/44
  Coins: 40/44
  Done: 44 coins
[71/117] Stella — https://www.usacoinbook.com/coins/gold-4/stella/
  Specs: designer=Charles E Barber, links=4
  Done: 4 coins
[72/117] Turban Head — https://www.usacoinbook.com/coins/gold-5-half-eagle/turban-head/
  Specs: designer=Robert Scot, links=25
  Coins: 10/25
  Coins: 20/25
  Done: 25 coins
[73/117] Capped Bust — https://www.usacoinbook.com/coins/gold-5-half-eagle/capped-bust/
  Specs: designer=John Reich, links=46
  Coins: 10/46
  Coins: 20/46
  Coins: 30/46
  Coins: 40/46
  Done: 46 coins
[74/117] Classic Head — https://www.usacoinbook.com/coins/gold-5-half-eagle/classic-head/
  Specs: designer=William Kneass, links=8
  Done: 8 coins
[75/117] Coronet Head — https://www.usacoinbook.com/coins/gold-5-half-eagle/coronet-head/
  Specs: designer=Christian Gobrecht, links=217
  Coins: 10/217
  Coins: 20/217
  Coins: 30/217
  Coins: 40/217
  Coins: 50/217
  Coins: 60/217
  Coins: 70/217
  Coins: 80/217
  Coins: 90/217
  Coins: 100/217
  Coins: 110/217
  Coins: 120/217
  Coins: 130/217
  Coins: 140/217
  Coins: 150/217
  Coins: 160/217
  Coins: 170/217
  Coins: 180/217
  Coins: 190/217
  Coins: 200/217
  Coins: 210/217
  Done: 217 coins
[76/117] Indian Head — https://www.usacoinbook.com/coins/gold-5-half-eagle/indian-head/
  Specs: designer=Bela Lyon Pratt, links=24
  Coins: 10/24
  Coins: 20/24
  Done: 24 coins
[77/117] Turban Head — https://www.usacoinbook.com/coins/gold-10-eagle/turban-head/
  Specs: designer=Robert Scot, links=15
  Coins: 10/15
  Done: 15 coins
[78/117] Coronet Head — https://www.usacoinbook.com/coins/gold-10-eagle/coronet-head/
  Specs: designer=Christian Gobrecht, links=186
  Coins: 10/186
  Coins: 20/186
  Coins: 30/186
  Coins: 40/186
  Coins: 50/186
  Coins: 60/186
  Coins: 70/186
  Coins: 80/186
  Coins: 90/186
  Coins: 100/186
  Coins: 110/186
  Coins: 120/186
  Coins: 130/186
  Coins: 140/186
  Coins: 150/186
  Coins: 160/186
  Coins: 170/186
  Coins: 180/186
  Done: 186 coins
[79/117] Indian Head — https://www.usacoinbook.com/coins/gold-10-eagle/indian-head/
  Specs: designer=Augustus Saint Gaudens, links=33
  Coins: 10/33
  Coins: 20/33
  Coins: 30/33
  Done: 33 coins
[80/117] Coronet Head — https://www.usacoinbook.com/coins/gold-20-double-eagle/coronet-head/
  Specs: designer=James B Longacre, links=154
  Coins: 10/154
  Coins: 20/154
  Coins: 30/154
  Coins: 40/154
  Coins: 50/154
  Coins: 60/154
  Coins: 70/154
  Coins: 80/154
  Coins: 90/154
  Coins: 100/154
  Coins: 110/154
  Coins: 120/154
  Coins: 130/154
  Coins: 140/154
  Coins: 150/154
  Done: 154 coins
[81/117] Saint Gaudens — https://www.usacoinbook.com/coins/gold-20-double-eagle/saint-gaudens/
  Specs: designer=Augustus Saint Gaudens, links=59
  Coins: 10/59
  Coins: 20/59
  Coins: 30/59
  Coins: 40/59
  Coins: 50/59
  Done: 59 coins
[82/117] American Silver Eagle — https://www.usacoinbook.com/coins/bullion-coins/american-silver-eagle/
  Specs: designer=Adolph A Weinman, links=157
  Coins: 10/157
  Coins: 20/157
  Coins: 30/157
  Coins: 40/157
  Coins: 50/157
  Coins: 60/157
  Coins: 70/157
  Coins: 80/157
  Coins: 90/157
  Coins: 100/157
  Coins: 110/157
  Coins: 120/157
  Coins: 130/157
  Coins: 140/157
  Coins: 150/157
  Done: 157 coins
[83/117] American Gold Eagle — https://www.usacoinbook.com/coins/bullion-coins/american-gold-eagle/
  Specs: designer=Augustus Saint-Gaudens, links=412
  Coins: 10/412
  Coins: 20/412
  Coins: 30/412
  Coins: 40/412
  Coins: 50/412
  Coins: 60/412
  Coins: 70/412
  Coins: 80/412
  Coins: 90/412
  Coins: 100/412
  Coins: 110/412
  Coins: 120/412
  Coins: 130/412
  Coins: 140/412
  Coins: 150/412
  Coins: 160/412
  Coins: 170/412
  Coins: 180/412
  Coins: 190/412
  Coins: 200/412
  Coins: 210/412
  Coins: 220/412
  Coins: 230/412
  Coins: 240/412
  Coins: 250/412
  Coins: 260/412
  Coins: 270/412
  Coins: 280/412
  Coins: 290/412
  Coins: 300/412
  Coins: 310/412
  Coins: 320/412
  Coins: 330/412
  Coins: 340/412
  Coins: 350/412
  Coins: 360/412
  Coins: 370/412
  Coins: 380/412
  Coins: 390/412
  Coins: 400/412
  Coins: 410/412
  Done: 412 coins
[84/117] American Platinum Eagle — https://www.usacoinbook.com/coins/bullion-coins/american-platinum-eagle/
  Specs: designer=John M Mercanti, links=154
  Coins: 10/154
  Coins: 20/154
  Coins: 30/154
  Coins: 40/154
  Coins: 50/154
  Coins: 60/154
  Coins: 70/154
  Coins: 80/154
  Coins: 90/154
  Coins: 100/154
  Coins: 110/154
  Coins: 120/154
  Coins: 130/154
  Coins: 140/154
  Coins: 150/154
  Done: 154 coins
[85/117] American Palladium Eagle — https://www.usacoinbook.com/coins/bullion-coins/american-palladium-eagle/
  Specs: designer=Adolph A Weinman, links=11
  Coins: 10/11
  Done: 11 coins
[86/117] Gold American Buffalo — https://www.usacoinbook.com/coins/bullion-coins/gold-american-buffalo/
  Specs: designer=James Earle Fraser, links=53
  Coins: 10/53
  Coins: 20/53
  Coins: 30/53
  Coins: 40/53
  Coins: 50/53
  Done: 53 coins
[87/117] First Spouse — https://www.usacoinbook.com/coins/bullion-coins/first-spouse/
  Specs: designer=undefined, links=42
  Coins: 10/42
  Coins: 20/42
  Coins: 30/42
  Coins: 40/42
  Done: 42 coins
[88/117] America The Beautiful — https://www.usacoinbook.com/coins/bullion-coins/america-the-beautiful/
  Specs: designer=William Cousins, links=112
  Coins: 10/112
  Coins: 20/112
  Coins: 30/112
  Coins: 40/112
  Coins: 50/112
  Coins: 60/112
  Coins: 70/112
  Coins: 80/112
  Coins: 90/112
  Coins: 100/112
  Coins: 110/112
  Done: 112 coins
[89/117] Planchet Errors — https://www.usacoinbook.com/coins/errors/planchet-errors/
  Specs: designer=undefined, links=0
  Done: 0 coins
[90/117] Striking Errors — https://www.usacoinbook.com/coins/errors/striking-errors/
  Specs: designer=undefined, links=0
  Done: 0 coins
[91/117] Die Errors — https://www.usacoinbook.com/coins/errors/die-errors/
  Specs: designer=undefined, links=0
  Done: 0 coins
[92/117] Other Errors — https://www.usacoinbook.com/coins/errors/other-errors/
  Specs: designer=undefined, links=0
  Done: 0 coins
[93/117] Doubled Dies — https://www.usacoinbook.com/coins/varieties/doubled-dies/
  Specs: designer=undefined, links=0
  Done: 0 coins
[94/117] Mint Mark Varieties — https://www.usacoinbook.com/coins/varieties/mint-mark-varieties/
  Specs: designer=undefined, links=0
  Done: 0 coins
[95/117] Cherrypickers Guide Varieties — https://www.usacoinbook.com/coins/varieties/cherrypickers-guide-varieties/
  Specs: designer=undefined, links=0
  Done: 0 coins
[96/117] Date Punching Varieties — https://www.usacoinbook.com/coins/varieties/date-punching-varieties/
  Specs: designer=undefined, links=0
  Done: 0 coins
[97/117] VAM Varieties — https://www.usacoinbook.com/coins/varieties/vam-varieties/
  Specs: designer=undefined, links=0
  Done: 0 coins
[98/117] Other Die Varieties — https://www.usacoinbook.com/coins/varieties/other-die-varieties/
  Specs: designer=undefined, links=0
  Done: 0 coins
[99/117] Collections and Lots — https://www.usacoinbook.com/coins/general/collections-and-lots/
  Specs: designer=undefined, links=0
  Done: 0 coins
[100/117] Commemorative — https://www.usacoinbook.com/coins/general/commemorative/
  Specs: designer=undefined, links=0
  Done: 0 coins
[101/117] Replicas and Reproductions — https://www.usacoinbook.com/coins/general/replicas-and-reproductions/
  Specs: designer=undefined, links=0
  Done: 0 coins
[102/117] Rolls — https://www.usacoinbook.com/coins/general/rolls/
  Specs: designer=undefined, links=0
  Done: 0 coins
[103/117] Colonial — https://www.usacoinbook.com/coins/general/colonial/
  Specs: designer=undefined, links=0
  Done: 0 coins
[104/117] Bullion - Precious Metal — https://www.usacoinbook.com/coins/general/bullion-precious-metal/
  Specs: designer=undefined, links=0
  Done: 0 coins
[105/117] Ancient — https://www.usacoinbook.com/coins/general/ancient/
  Specs: designer=undefined, links=0
  Done: 0 coins
[106/117] Foreign and World Coins — https://www.usacoinbook.com/coins/general/foreign-and-world-coins/
  Specs: designer=undefined, links=0
  Done: 0 coins
[107/117] Exonumia — https://www.usacoinbook.com/coins/general/exonumia/
  Specs: designer=undefined, links=0
  Done: 0 coins
[108/117] US Paper Money — https://www.usacoinbook.com/coins/general/us-paper-money/
  Specs: designer=undefined, links=0
  Done: 0 coins
[109/117] World Paper Money — https://www.usacoinbook.com/coins/general/world-paper-money/
  Specs: designer=undefined, links=0
  Done: 0 coins
[110/117] Other — https://www.usacoinbook.com/coins/general/other/
  Specs: designer=undefined, links=0
  Done: 0 coins
[111/117] Books and References — https://www.usacoinbook.com/coins/supplies/books-and-references/
  Specs: designer=undefined, links=0
  Done: 0 coins
[112/117] Albums and Folders — https://www.usacoinbook.com/coins/supplies/albums-and-folders/
  Specs: designer=undefined, links=0
  Done: 0 coins
[113/117] Holders - Slabs - Air Tites — https://www.usacoinbook.com/coins/supplies/holders-slabs-air-tites/
  Specs: designer=undefined, links=0
  Done: 0 coins
[114/117] Storage Boxes and Cases — https://www.usacoinbook.com/coins/supplies/storage-boxes-and-cases/
  Specs: designer=undefined, links=0
  Done: 0 coins
[115/117] Magnifiers — https://www.usacoinbook.com/coins/supplies/magnifiers/
  Specs: designer=undefined, links=0
  Done: 0 coins
[116/117] Tubes — https://www.usacoinbook.com/coins/supplies/tubes/
  Specs: designer=undefined, links=0
  Done: 0 coins
[117/117] Other — https://www.usacoinbook.com/coins/supplies/other/
  Specs: designer=undefined, links=0
  Done: 0 coins

Total: 117 series, 6492 coins
Written to scripts/full-coin-data.json
